........
........
..XXX...
..XXX...
..XXX...
........
........
........
........
........
..XXX...
..XXX...
..XXX...
........
........
........
........
...X....
..XXX...
.XXXXX..
..XXX...
...X....
........
........
........
..XXX...
.XXXXX..
.XXXXX..
.XXXXX..
..XXX...
........
........
...X....
.XXXXX..
.XXXXX..
XXXXXXX.
.XXXXX..
.XXXXX..
...X....
........
...X....
.XXXXX..
.XXXXX..
XXXXXXX.
.XXXXX..
.XXXXX..
...X....
........
...X....
.XXXXX..
.XXXXX..
XXXXXXX.
.XXXXX..
.XXXXX..
...X....
........
