........
........
...X....
..X.X...
...XX...
........
........
........
........
........
...X....
..XXX...
...XX...
........
........
........
........
........
..XXX...
..XX....
..X.X...
........
........
........
........
...X....
..X.X...
.X......
..X.....
........
........
........
........
...X....
..XX....
.XXX....
........
........
........
........
........
..XX....
.X..X...
.X.X....
..X.....
........
........
........
........
..XX....
.X..X...
.X.X....
..X.....
........
........
........
........
..XX....
.X..X...
.X.X....
..X.....
........
........
........
