........
........
..XXX...
..XX....
..X.X...
........
........
........
........
...X....
..X.X...
.X..X...
..X.....
........
........
........
........
...X....
..X.X...
.XX.....
...X....
........
........
........
........
...X....
.XXX....
.XX.X...
..X.....
........
........
........
........
...X....
.X..X...
...X....
.XXX....
........
........
........
........
........
..XXX...
.X.XX...
..XX....
..X.....
........
........
........
...X....
..X.X...
.X......
.X..X...
..XX....
........
........
